<?xml version="1.0" encoding="UTF-8"?>
<testng-results skipped="0" failed="0" total="1" passed="1">
  <reporter-output>
  </reporter-output>
  <suite name="Suite" duration-ms="47" started-at="2020-06-14T14:14:45Z" finished-at="2020-06-14T14:14:45Z">
    <groups>
    </groups>
    <test name="Test" duration-ms="47" started-at="2020-06-14T14:14:45Z" finished-at="2020-06-14T14:14:45Z">
      <class name="org.testing.testscripts.JenkinsGitHub">
        <test-method status="PASS" signature="display()[pri:0, instance:org.testing.testscripts.JenkinsGitHub@13acb0d1]" name="display" duration-ms="15" started-at="2020-06-14T19:44:45Z" finished-at="2020-06-14T19:44:45Z">
          <reporter-output>
          </reporter-output>
        </test-method> <!-- display -->
      </class> <!-- org.testing.testscripts.JenkinsGitHub -->
    </test> <!-- Test -->
  </suite> <!-- Suite -->
</testng-results>
